# JRE version: OpenJDK Runtime Environment (17.0.6) (build 17.0.6+0-b2043.56-10027231)
# Java VM: OpenJDK 64-Bit Server VM (17.0.6+0-b2043.56-10027231, mixed mode, tiered, compressed oops, compressed class ptrs, g1 gc, windows-amd64)
GC Precious Log:
 CPUs: 4 total, 4 available
 Memory: 10103M
 Large Page Support: Disabled
 NUMA Support: Disabled
 Compressed Oops: Enabled (32-bit)
 Heap Region Size: 1M
 Heap Min Capacity: 8M
 Heap Initial Capacity: 158M
 Heap Max Capacity: 2G
 Pre-touch: Disabled
 Parallel Workers: 4
 Concurrent Workers: 1
 Concurrent Refinement Workers: 4
 Periodic GC: Disabled
Heap:
 garbage-first heap   total 230400K, used 97705K [0x0000000080000000, 0x0000000100000000)
  region size 1024K, 9 young (9216K), 1 survivors (1024K)
 Metaspace       used 97191K, committed 97856K, reserved 1138688K
  class space    used 13125K, committed 13440K, reserved 1048576K
GC Heap History (20 events):
Event: 30.392 GC heap before
{Heap before GC invocations=43 (full 0):
 garbage-first heap   total 116736K, used 91190K [0x0000000080000000, 0x0000000100000000)
  region size 1024K, 28 young (28672K), 3 survivors (3072K)
 Metaspace       used 79541K, committed 80128K, reserved 1122304K
  class space    used 10545K, committed 10816K, reserved 1048576K
}
Event: 30.397 GC heap after
{Heap after GC invocations=44 (full 0):
 garbage-first heap   total 116736K, used 69138K [0x0000000080000000, 0x0000000100000000)
  region size 1024K, 2 young (2048K), 2 survivors (2048K)
 Metaspace       used 79541K, committed 80128K, reserved 1122304K
  class space    used 10545K, committed 10816K, reserved 1048576K
}
Event: 31.190 GC heap before
{Heap before GC invocations=45 (full 0):
 garbage-first heap   total 122880K, used 94738K [0x0000000080000000, 0x0000000100000000)
  region size 1024K, 26 young (26624K), 2 survivors (2048K)
 Metaspace       used 82531K, committed 83136K, reserved 1122304K
  class space    used 11139K, committed 11392K, reserved 1048576K
}
Event: 31.193 GC heap after
{Heap after GC invocations=46 (full 0):
 garbage-first heap   total 122880K, used 69989K [0x0000000080000000, 0x0000000100000000)
  region size 1024K, 3 young (3072K), 3 survivors (3072K)
 Metaspace       used 82531K, committed 83136K, reserved 1122304K
  class space    used 11139K, committed 11392K, reserved 1048576K
}
Event: 31.984 GC heap before
{Heap before GC invocations=46 (full 0):
 garbage-first heap   total 122880K, used 99685K [0x0000000080000000, 0x0000000100000000)
  region size 1024K, 32 young (32768K), 3 survivors (3072K)
 Metaspace       used 85452K, committed 86016K, reserved 1130496K
  class space    used 11567K, committed 11840K, reserved 1048576K
}
Event: 31.989 GC heap after
{Heap after GC invocations=47 (full 0):
 garbage-first heap   total 122880K, used 72188K [0x0000000080000000, 0x0000000100000000)
  region size 1024K, 4 young (4096K), 4 survivors (4096K)
 Metaspace       used 85452K, committed 86016K, reserved 1130496K
  class space    used 11567K, committed 11840K, reserved 1048576K
}
Event: 32.714 GC heap before
{Heap before GC invocations=48 (full 0):
 garbage-first heap   total 128000K, used 99836K [0x0000000080000000, 0x0000000100000000)
  region size 1024K, 31 young (31744K), 4 survivors (4096K)
 Metaspace       used 88165K, committed 88768K, reserved 1130496K
  class space    used 11965K, committed 12224K, reserved 1048576K
}
Event: 32.721 GC heap after
{Heap after GC invocations=49 (full 0):
 garbage-first heap   total 128000K, used 74281K [0x0000000080000000, 0x0000000100000000)
  region size 1024K, 4 young (4096K), 4 survivors (4096K)
 Metaspace       used 88165K, committed 88768K, reserved 1130496K
  class space    used 11965K, committed 12224K, reserved 1048576K
}
Event: 33.516 GC heap before
{Heap before GC invocations=49 (full 0):
 garbage-first heap   total 128000K, used 106025K [0x0000000080000000, 0x0000000100000000)
  region size 1024K, 35 young (35840K), 4 survivors (4096K)
 Metaspace       used 92869K, committed 93504K, reserved 1130496K
  class space    used 12632K, committed 12928K, reserved 1048576K
}
Event: 33.524 GC heap after
{Heap after GC invocations=50 (full 0):
 garbage-first heap   total 128000K, used 76927K [0x0000000080000000, 0x0000000100000000)
  region size 1024K, 5 young (5120K), 5 survivors (5120K)
 Metaspace       used 92869K, committed 93504K, reserved 1130496K
  class space    used 12632K, committed 12928K, reserved 1048576K
}
Event: 34.174 GC heap before
{Heap before GC invocations=51 (full 0):
 garbage-first heap   total 133120K, used 105599K [0x0000000080000000, 0x0000000100000000)
  region size 1024K, 33 young (33792K), 5 survivors (5120K)
 Metaspace       used 94677K, committed 95296K, reserved 1138688K
  class space    used 12889K, committed 13184K, reserved 1048576K
}
Event: 34.181 GC heap after
{Heap after GC invocations=52 (full 0):
 garbage-first heap   total 133120K, used 79689K [0x0000000080000000, 0x0000000100000000)
  region size 1024K, 5 young (5120K), 5 survivors (5120K)
 Metaspace       used 94677K, committed 95296K, reserved 1138688K
  class space    used 12889K, committed 13184K, reserved 1048576K
}
Event: 34.206 GC heap before
{Heap before GC invocations=52 (full 0):
 garbage-first heap   total 133120K, used 80713K [0x0000000080000000, 0x0000000100000000)
  region size 1024K, 6 young (6144K), 5 survivors (5120K)
 Metaspace       used 94787K, committed 95424K, reserved 1138688K
  class space    used 12905K, committed 13184K, reserved 1048576K
}
Event: 34.211 GC heap after
{Heap after GC invocations=53 (full 0):
 garbage-first heap   total 133120K, used 80149K [0x0000000080000000, 0x0000000100000000)
  region size 1024K, 1 young (1024K), 1 survivors (1024K)
 Metaspace       used 94787K, committed 95424K, reserved 1138688K
  class space    used 12905K, committed 13184K, reserved 1048576K
}
Event: 35.010 GC heap before
{Heap before GC invocations=53 (full 0):
 garbage-first heap   total 133120K, used 110869K [0x0000000080000000, 0x0000000100000000)
  region size 1024K, 31 young (31744K), 1 survivors (1024K)
 Metaspace       used 95241K, committed 95936K, reserved 1138688K
  class space    used 12958K, committed 13248K, reserved 1048576K
}
Event: 35.015 GC heap after
{Heap after GC invocations=54 (full 0):
 garbage-first heap   total 133120K, used 84178K [0x0000000080000000, 0x0000000100000000)
  region size 1024K, 4 young (4096K), 4 survivors (4096K)
 Metaspace       used 95241K, committed 95936K, reserved 1138688K
  class space    used 12958K, committed 13248K, reserved 1048576K
}
Event: 35.535 GC heap before
{Heap before GC invocations=55 (full 0):
 garbage-first heap   total 150528K, used 107730K [0x0000000080000000, 0x0000000100000000)
  region size 1024K, 28 young (28672K), 4 survivors (4096K)
 Metaspace       used 95759K, committed 96384K, reserved 1138688K
  class space    used 12996K, committed 13312K, reserved 1048576K
}
Event: 35.543 GC heap after
{Heap after GC invocations=56 (full 0):
 garbage-first heap   total 150528K, used 89546K [0x0000000080000000, 0x0000000100000000)
  region size 1024K, 4 young (4096K), 4 survivors (4096K)
 Metaspace       used 95759K, committed 96384K, reserved 1138688K
  class space    used 12996K, committed 13312K, reserved 1048576K
}
Event: 35.628 GC heap before
{Heap before GC invocations=56 (full 0):
 garbage-first heap   total 150528K, used 92618K [0x0000000080000000, 0x0000000100000000)
  region size 1024K, 7 young (7168K), 4 survivors (4096K)
 Metaspace       used 96014K, committed 96640K, reserved 1138688K
  class space    used 13016K, committed 13312K, reserved 1048576K
}
Event: 35.634 GC heap after
{Heap after GC invocations=57 (full 0):
 garbage-first heap   total 230400K, used 90537K [0x0000000080000000, 0x0000000100000000)
  region size 1024K, 1 young (1024K), 1 survivors (1024K)
 Metaspace       used 96014K, committed 96640K, reserved 1138688K
  class space    used 13016K, committed 13312K, reserved 1048576K
}

